2025.07.20 13:24:17 INFO  Started: Metals version 1.6.0 in folders 'C:\Users\hp\Documents\GitHub\Java-Programs' for client Visual Studio Code 1.102.1.
2025.07.20 13:24:17 INFO  time: initialize in 0.19s
2025.07.20 13:24:22 WARN  no build tool detected in workspace 'C:\Users\hp\Documents\GitHub\Java-Programs'. The most common cause for this problem is that the editor was opened in the wrong working directory, for example if you use sbt then the workspace directory should contain build.sbt. 
2025.07.20 13:24:22 WARN  Build server is not auto-connectable.
2025.07.20 13:24:22 WARN  no build target for: C:\Users\hp\Documents\GitHub\Java-Programs\CM1.java
2025.07.20 13:24:22 WARN  no build target for: C:\Users\hp\Documents\GitHub\Java-Programs\circlearea.java
2025.07.20 13:24:22 WARN  no build target for: C:\Users\hp\Documents\GitHub\Java-Programs\hollsquare.java
2025.07.20 13:24:22 WARN  no build target for: C:\Users\hp\Documents\GitHub\Java-Programs\MarkList.java
2025.07.20 13:24:22 WARN  no build target for: C:\Users\hp\Documents\GitHub\Java-Programs\datatype.java
2025.07.20 13:24:26 WARN  Running javac-semanticdb failed for file:///C:/Users/hp/Documents/GitHub/Java-Programs/CM1.java. Output:

Jul 20, 2025 1:25:08 PM org.eclipse.lsp4j.jsonrpc.services.GenericEndpoint notify
INFO: Unsupported notification method: $/setTrace
2025.07.20 13:25:17 WARN  no build target for: C:\Users\hp\Documents\GitHub\Java-Programs\Add.java
2025.07.20 13:25:18 INFO  no build target found for C:\Users\hp\Documents\GitHub\Java-Programs\Add.java. Using fallback presentation compiler.
2025.07.20 13:25:18 INFO  no build target found for C:\Users\hp\Documents\GitHub\Java-Programs\Add.java. Using fallback presentation compiler.
2025.07.20 13:25:21 INFO  no build target found for C:\Users\hp\Documents\GitHub\Java-Programs\Add.java. Using fallback presentation compiler.
2025.07.20 13:25:23 INFO  no build target found for C:\Users\hp\Documents\GitHub\Java-Programs\Add.java. Using fallback presentation compiler.
2025.07.20 13:25:31 INFO  no build target found for C:\Users\hp\Documents\GitHub\Java-Programs\Add.java. Using fallback presentation compiler.
2025.07.20 13:25:31 INFO  no build target found for C:\Users\hp\Documents\GitHub\Java-Programs\Add.java. Using fallback presentation compiler.
2025.07.20 13:25:32 INFO  no build target found for C:\Users\hp\Documents\GitHub\Java-Programs\Add.java. Using fallback presentation compiler.
2025.07.20 13:25:37 INFO  Shutting down server
2025.07.20 13:25:37 INFO  shutting down Metals
2025.07.20 13:25:37 INFO  Exiting server
